# Manifest to specify included & excluded tests
# Comment lines start with #
# This manifest is consumed by .../test/python/tensorflow/tf_unittest_runner.py

#  Few examples of valid regex/pattern (dots are treated literally):
#    math_ops_test --> module
#    *test* --> module (* means zero/more of anything)
#    *test*.*test* --> module.class
#    *_op_test*.*[Tt]est* --> e.g. pad_op_test.PadOpTest.testInputDims ([xy] means either x or y)
#    math_ops_test.DivNoNanTest.testBasic --> module.class.testfunc
#    math_ops_test.DivNoNanTest.* --> module.class.testfunc
#    math_ops_test.D* --> module.class
#    math_ops_test.* --> module.class
#    math_*_test --> module
#    math_*_*_test --> module
#    math*_test --> module

###################################################
[IMPORT]
# Read in one/more external manifest file(s)
# Path specified is relative to this file's path

tests_common.txt

###################################################
[RUN]
# Specify tests/patterns/regex that should be included

argmax_op_test.ArgMaxTest.testDouble
argmax_op_test.ArgMaxTest.testFloatInt32Output
argmax_op_test.ArgMaxTest.testOutputEmpty
array_ops_test.StridedSliceTest.testBothNewAxisAndShrink
array_ops_test.StridedSliceTest.testDegenerateSlices
array_ops_test.StridedSliceTest.testEllipsis
array_ops_test.StridedSliceTest.testExpand
array_ops_test.StridedSliceTest.testExpandVariable
array_ops_test.StridedSliceTest.testInt64GPU
array_ops_test.StridedSliceTest.testMasks
array_ops_test.StridedSliceTest.testOptimizedCases
array_ops_test.StridedSliceTest.testShrink
array_ops_test.StridedSliceTest.testSliceWithUndefinedDimension
array_ops_test.StridedSliceTest.testTensorIndexing
array_ops_test.StridedSliceTest.testTensorIndexingTypeError
array_ops_test.StridedSliceTest.testTensorSliceEagerMemory
array_ops_test.StridedSliceTest.testVariableSliceEagerMemory
array_ops_test.StridedSliceTest.test_basic_slice
array_ops_test.StridedSliceTest.test_session
cast_op_test.CastOpTest.testInfNan
cast_op_test.CastOpTest.testCastToTypeOfVariable
concat_op_test.ConcatOpTest.testConcatAxisType
concat_op_test.ConcatOpTest.testConcatEmpty
concat_op_test.ConcatOpTest.testConcatNegativeAxis
concat_op_test.ConcatOpTest.testConcatTuple
concat_op_test.ConcatOpTest.testHStack
concat_op_test.ConcatOpTest.testInvalidConcatDimTypeAndShape
concat_op_test.ConcatOpTest.testRandom
concat_op_test.ConcatOpTest.testRefType
concat_op_test.ConcatOpTest.testShapeWithUnknownConcatDim
concat_op_test.ConcatOpTest.testVStack
concat_op_test.ConcatOpTest.testZeroSize
constant_op_test.ConstantTest.testBFloat16
constant_op_test.ConstantTest.testComplex128
constant_op_test.ConstantTest.testComplex64
constant_op_test.ConstantTest.testDouble
constant_op_test.ConstantTest.testEagerMemory
constant_op_test.ConstantTest.testExplicitShapeList
constant_op_test.ConstantTest.testExplicitShapeNumPy
constant_op_test.ConstantTest.testExplicitShapeNumber
constant_op_test.ConstantTest.testFloat
constant_op_test.ConstantTest.testHalf
constant_op_test.ConstantTest.testImplicitShapeList
constant_op_test.ConstantTest.testImplicitShapeNumPy
constant_op_test.ConstantTest.testImplicitShapeNumber
constant_op_test.ConstantTest.testInt32
constant_op_test.ConstantTest.testInt64
constant_op_test.ConstantTest.testInvalidDType
constant_op_test.ConstantTest.testPromotionShapes
constant_op_test.ConstantTest.testShapeInconsistent
constant_op_test.ConstantTest.testShapeWrong
constant_op_test.ConstantTest.testSparseValuesRaiseErrors
constant_op_test.ConstantTest.testString
constant_op_test.ConstantTest.testStringWithNulls
constant_op_test.ConstantTest.testVariant
constant_op_test.ZerosLikeTest.testZerosLikeCPU
constant_op_test.ZerosLikeTest.testZerosLikeDtype
constant_op_test.ZerosLikeTest.testZerosLikeGPU
constant_op_test.ZerosLikeTest.testZerosLikePartialShape
constant_op_test.ZerosLikeTest.testZerosLikeVariant
constant_op_test.ZerosLikeTest.test_session
conv_ops_test.Conv2DTest.testConv2D0x0Padding
conv_ops_test.Conv2DTest.testConv2D1x1Padding
conv_ops_test.Conv2DTest.testConv2D1x2FilterDilation
conv_ops_test.Conv2DTest.testConv2D2x2Filter2x1Dilation
conv_ops_test.Conv2DTest.testConv2D2x2FilterDilation
conv_ops_test.Conv2DTest.testConv2D2x2Padding
conv_ops_test.Conv2DTest.testConv2DBackpropFilterWithEmptyInput
conv_ops_test.Conv2DTest.testConv2DEmpty
conv_ops_test.Conv2DTest.testConv2DEmptyBackpropFilter
conv_ops_test.Conv2DTest.testConv2DEmptyBackpropInput
conv_ops_test.Conv2DTest.testConv2DEmptyDilation
conv_ops_test.Conv2DTest.testConv2DExplicitPaddingWithDilations
conv_ops_test.Conv2DTest.testConv2DExplicitPaddingWithLayoutOptimizer
conv_ops_test.Conv2DTest.testConv2DKernelSizeMatchesInputSize
conv_ops_test.Conv2DTest.testConv2DKernelSizeMatchesInputSizeDilation
conv_ops_test.Conv2DTest.testConv2DKernelSmallerThanStrideSame
conv_ops_test.Conv2DTest.testConv2DKernelSmallerThanStrideValid
conv_ops_test.Conv2DTest.testConv2DLotsPadding
conv_ops_test.Conv2DTest.testConv2DOnlyBottomPadding
conv_ops_test.Conv2DTest.testConv2DOnlyTopRightPadding
conv_ops_test.Conv2DTest.testOpEdgeCases
conv_ops_test.Conv2DTest.testShapeFunctionEdgeCases
cwise_ops_binary_test.BinaryOpTest.testBCast_8A
cwise_ops_binary_test.BinaryOpTest.testBCast_8B
cwise_ops_binary_test.BinaryOpTest.testBCast_8C
cwise_ops_binary_test.BinaryOpTest.testBCast_8D
cwise_ops_binary_test.BinaryOpTest.testBCast_9A
cwise_ops_binary_test.BinaryOpTest.testBCast_9B
cwise_ops_binary_test.BinaryOpTest.testBCast_9C
cwise_ops_binary_test.BinaryOpTest.testBCast_9D
cwise_ops_binary_test.BinaryOpTest.testComplex128Basic
cwise_ops_binary_test.BinaryOpTest.testComplex64Basic
cwise_ops_binary_test.BinaryOpTest.testComplexPowGrad
cwise_ops_binary_test.BinaryOpTest.testDoubleBasic
cwise_ops_binary_test.BinaryOpTest.testFloatBasic
cwise_ops_binary_test.BinaryOpTest.testFloatDifferentShapes
cwise_ops_binary_test.BinaryOpTest.testFloatVariableOverload
cwise_ops_binary_test.BinaryOpTest.testInt16Basic
cwise_ops_binary_test.BinaryOpTest.testInt32Basic
cwise_ops_binary_test.BinaryOpTest.testInt64Basic
cwise_ops_binary_test.BinaryOpTest.testInt8Basic
cwise_ops_binary_test.BinaryOpTest.testMismatchedDimensions
cwise_ops_binary_test.BinaryOpTest.testPowNegativeExponent
cwise_ops_binary_test.BinaryOpTest.testString
cwise_ops_binary_test.BinaryOpTest.testStringComparison
cwise_ops_binary_test.BinaryOpTest.testUint16Basic
cwise_ops_binary_test.BinaryOpTest.testUint32Basic
cwise_ops_binary_test.BinaryOpTest.testUint8Basic
cwise_ops_binary_test.BinaryOpTest.testZeroPowGrad
cwise_ops_binary_test.BinaryOpTest.test_session
cwise_ops_binary_test.ComparisonOpTest.testBCastEqual
cwise_ops_binary_test.ComparisonOpTest.testBCastGreater
cwise_ops_binary_test.ComparisonOpTest.testBCastGreaterEqual
cwise_ops_binary_test.ComparisonOpTest.testBCastLess
cwise_ops_binary_test.ComparisonOpTest.testBCastLessEqual
cwise_ops_binary_test.ComparisonOpTest.testBCastNotEqual
cwise_ops_binary_test.ComparisonOpTest.testEqualDType
cwise_ops_binary_test.ComparisonOpTest.testEqualQuantizeDType
cwise_ops_binary_test.ComparisonOpTest.testScalarCompareScalar
cwise_ops_binary_test.ComparisonOpTest.testShapeMismatch
cwise_ops_binary_test.ComparisonOpTest.testTensorCompareTensor
cwise_ops_binary_test.ComparisonOpTest.test_session
cwise_ops_unary_test.UnaryOpTest.testComplex128Basic
cwise_ops_unary_test.UnaryOpTest.testComplex64Basic
cwise_ops_unary_test.UnaryOpTest.testComplexAbsGradGrad
cwise_ops_unary_test.UnaryOpTest.testDoubleBasic
cwise_ops_unary_test.UnaryOpTest.testFloatBasic
cwise_ops_unary_test.UnaryOpTest.testFloatEmpty
cwise_ops_unary_test.UnaryOpTest.testFloatTanhEdge
cwise_ops_unary_test.UnaryOpTest.testGradGrad
cwise_ops_unary_test.UnaryOpTest.testHalfBasic   
cwise_ops_unary_test.UnaryOpTest.testInt32Basic
cwise_ops_unary_test.UnaryOpTest.testInt64Basic
cwise_ops_unary_test.UnaryOpTest.testInt64Square
cwise_ops_unary_test.UnaryOpTest.test_session
cwise_ops_binary_test.BinaryOpTest.testComplex128Basic
cwise_ops_binary_test.BinaryOpTest.testComplex64Basic
cwise_ops_binary_test.BinaryOpTest.testComplexPowGrad
cwise_ops_binary_test.BinaryOpTest.testDoubleBasic
cwise_ops_binary_test.BinaryOpTest.testFloatBasic
cwise_ops_binary_test.BinaryOpTest.testFloatDifferentShapes
cwise_ops_binary_test.BinaryOpTest.testFloatVariableOverload
cwise_ops_binary_test.BinaryOpTest.testInt16Basic
cwise_ops_binary_test.BinaryOpTest.testInt32Basic
cwise_ops_binary_test.BinaryOpTest.testInt64Basic
cwise_ops_binary_test.BinaryOpTest.testInt8Basic
cwise_ops_binary_test.BinaryOpTest.testMismatchedDimensions
cwise_ops_binary_test.BinaryOpTest.testPowNegativeExponent
cwise_ops_binary_test.BinaryOpTest.testString
cwise_ops_binary_test.BinaryOpTest.testStringComparison
cwise_ops_binary_test.BinaryOpTest.testUint16Basic
cwise_ops_binary_test.BinaryOpTest.testUint8Basic
cwise_ops_binary_test.BinaryOpTest.testZeroPowGrad
gather_op_test.GatherTest.testBadAxis
gather_op_test.GatherTest.testBadIndicesCPU
gather_op_test.GatherTest.testEmptySlices
gather_op_test.GatherTest.testHigherRank
gather_op_test.GatherTest.testScalar1D
gather_op_test.GatherTest.testScalar2D
gather_op_test.GatherTest.testSimpleTwoD32
gather_op_test.GatherTest.testString
gather_op_test.GatherTest.testUInt32AndUInt64
gather_op_test.GatherTest.testUnknownAxis
gather_op_test.GatherTest.testUnknownIndices
identity_op_py_test.IdentityOpTest.testCompositeTensor
identity_op_py_test.IdentityOpTest.testIdentityShape
identity_op_py_test.IdentityOpTest.testInt32_2_3
identity_op_py_test.IdentityOpTest.testInt32_6
identity_op_py_test.IdentityOpTest.testString
lrn_op_test.LRNOpTest.testCompute  
math_ops_test.EqualityTest.test_session
math_ops_test.EqualityTest.testEqualityNone
math_ops_test.AddNTest.test_session
math_ops_test.AddNTest.test_iterable
math_ops_test.AddNTest.testPartials
math_ops_test.AddNTest.testIndexedSlices
math_ops_test.AddNTest.testFloat
matmul_op_test.MatMulTest.test_session
nn_fused_batchnorm_test.BatchNormalizationTest.testInferenceShape1
nn_fused_batchnorm_test.BatchNormalizationTest.testInferenceShape2
nn_fused_batchnorm_test.BatchNormalizationTest.testInferenceShape3
nn_fused_batchnorm_test.BatchNormalizationTest.testInferenceShape5
pad_op_test.PadOpTest.test_session
pad_op_test.PadOpTest.testString
pad_op_test.PadOpTest.testShapeFunctionEdgeCases
pad_op_test.PadOpTest.testScalars
pad_op_test.PadOpTest.testPartialShapeInformation
pad_op_test.PadOpTest.testPaddingsNonNegative2
pad_op_test.PadOpTest.testPaddingsNonNegative
pad_op_test.PadOpTest.testPaddingsMaximum
pad_op_test.PadOpTest.testPaddingsDim4
pad_op_test.PadOpTest.testPaddingsDim3
pad_op_test.PadOpTest.testPaddingsDim2
pad_op_test.PadOpTest.testPaddingsDim
pad_op_test.PadOpTest.testPaddingTypes
pad_op_test.PadOpTest.testPadTypes
pad_op_test.PadOpTest.testNpPad
pad_op_test.PadOpTest.testInvalid
pad_op_test.PadOpTest.testIntTypes
pad_op_test.PadOpTest.testInputDims
pad_op_test.PadOpTest.testFloatTypes
pad_op_test.PadOpTest.testComplexTypes
pad_op_test.PadOpTest.testCollapseAdjacentNonPaddedDimensions
pooling_ops_test.PoolingTest.testAvgPooling
pooling_ops_test.PoolingTest.testMaxPooling
reduction_ops_test.MeanReductionTest.testAxesType
reduction_ops_test.MeanReductionTest.testEmptyGradients
reduction_ops_test.MeanReductionTest.testSizeOverflowInt8
reduction_ops_test.MeanReductionTest.testSizeOverflowUint8
reduction_ops_test.MeanReductionTest.testDegenerate
reduction_ops_test.MeanReductionTest.testFloat32
reduction_ops_test.MeanReductionTest.testInfinity
reduction_ops_test.MeanReductionTest.testSizeOverflowInt16
reduction_ops_test.MeanReductionTest.testSizeOverflowUint16
reduction_ops_test.MeanReductionTest.testUint8
relu_op_test.Relu6Test.testGradientFloat64
relu_op_test.Relu6Test.testNpRelu6
relu_op_test.Relu6Test.testNumbersCPU
relu_op_test.Relu6Test.testNumbersGPU
relu_op_test.Relu6Test.test_session
relu_op_test.ReluTest.testNumbersCPU
relu_op_test.ReluTest.testNoElement
reshape_op_test.ReshapeTest.testBoolBasic
reshape_op_test.ReshapeTest.testComplex128Basic
reshape_op_test.ReshapeTest.testComplex64Basic
reshape_op_test.ReshapeTest.testDoubleBasic
reshape_op_test.ReshapeTest.testErrors
reshape_op_test.ReshapeTest.testFloatBasic
reshape_op_test.ReshapeTest.testFloatEmpty
reshape_op_test.ReshapeTest.testFloatReshapeGradThreeDimensions
reshape_op_test.ReshapeTest.testFloatReshapeThreeDimensions
reshape_op_test.ReshapeTest.testFloatUnspecifiedDimBegin
reshape_op_test.ReshapeTest.testFloatUnspecifiedDimEnd
reshape_op_test.ReshapeTest.testFloatUnspecifiedDimOnly
reshape_op_test.ReshapeTest.testInt32Basic
reshape_op_test.ReshapeTest.testInt64Shape
reshape_op_test.ReshapeTest.testPartialShapes
reshape_op_test.ReshapeTest.testTensorShape
reshape_op_test.ReshapeTest.testZeroDimBasic
reshape_op_test.ReshapeTest.testZeroDimReshapeR1
reshape_op_test.ReshapeTest.testZeroDimReshapeR3
reshape_op_test.ReshapeTest.testZeroDimWithUnspecifiedDim
reshape_op_test.ReshapeTest.test_session
shape_ops_test.ShapeOpsTest.testExpandDims
shape_ops_test.ShapeOpsTest.testExpandDimsDimType
shape_ops_test.ShapeOpsTest.testSqueeze
shape_ops_test.ShapeOpsTest.testSqueezeAllOnes
shape_ops_test.ShapeOpsTest.testSqueezeAllOnesBool
shape_ops_test.ShapeOpsTest.testSqueezeBool
shape_ops_test.ShapeOpsTest.testSqueezeErrors
shape_ops_test.ShapeOpsTest.testSqueezeGradient
shape_ops_test.ShapeOpsTest.testSqueezeGradientWithSqueezeDims
shape_ops_test.ShapeOpsTest.testSqueezeOnlyOnes
shape_ops_test.ShapeOpsTest.testSqueezeSpecificDimension
shape_ops_test.ShapeOpsTest.testSqueezeSpecificDimensionBool
shape_ops_test.ShapeOpsTest.testSqueezeWithUnknownShape
shape_ops_test.TileTest.testEmpty
shape_ops_test.TileTest.testIdentityTileAndGrad
shape_ops_test.TileTest.testRandom
shape_ops_test.TileTest.testScalar
shape_ops_test.TileTest.testSimple
shape_ops_test.TileTest.testTypes
shape_ops_test.TileTest.testUnknownInputShape
slice_op_test.SliceTest.testComplex
slice_op_test.SliceTest.testComputedShape
slice_op_test.SliceTest.testEmpty
slice_op_test.SliceTest.testInt32
slice_op_test.SliceTest.testPartialShapeInference
slice_op_test.SliceTest.testRandom
slice_op_test.SliceTest.testSelectAll
slice_op_test.SliceTest.testSingleElementAll
slice_op_test.SliceTest.testSliceMatrixDim0
slice_op_test.SliceTest.testSlicingInt64Tensor
slice_op_test.SliceTest.testSlicingWithInt64Index
softmax_op_test.SoftmaxTest.test1DTensorAsInput
softmax_op_test.SoftmaxTest.test1DTensorAsInputNoReshape
softmax_op_test.SoftmaxTest.test3DTensorAsInput
softmax_op_test.SoftmaxTest.test3DTensorAsInputNoReshape
softmax_op_test.SoftmaxTest.testAlongNegativeDimension
softmax_op_test.SoftmaxTest.testBfloat16
softmax_op_test.SoftmaxTest.testDoubleGPU
softmax_op_test.SoftmaxTest.testFloat
softmax_op_test.SoftmaxTest.testFloatGPU
softmax_op_test.SoftmaxTest.testHalf
softmax_op_test.SoftmaxTest.testHalfGPU
softmax_op_test.SoftmaxTest.testInvalidAxis
softmax_op_test.SoftmaxTest.testLargeDims
softmax_op_test.SoftmaxTest.testNpSoftmax
softmax_op_test.SoftmaxTest.testShapeInference
softmax_op_test.SoftmaxTest.test_session
split_op_test.SplitOpTest.testShapeInference
split_op_test.SplitOpTest.testFailWithoutExplicitNum
split_op_test.SplitOpTest.testExplicitNum
split_op_test.SplitOpTest.testListOfScalarTensors
split_op_test.SplitOpTest.testSpecialCasesVariable
split_op_test.SplitOpTest.testDegenerateVariable
split_op_test.SplitOpTest.testOutputShape
split_op_test.SplitOpTest.testSplitCols
split_op_test.SplitOpTest.testEmpty
split_op_test.SplitOpTest.testIdentity
split_op_test.SplitOpTest.testSplitDim0
split_op_test.SplitOpTest.testRandom
split_op_test.SplitOpTest.testVariableShapeFunction
split_op_test.SplitOpTest.testNonexistentDimTensor
split_op_test.SplitOpTest.testShapeFunctionEdgeCases
topk_op_test.TopKTest.testKNegative
topk_op_test.TopKTest.testKTooLarge
topk_op_test.TopKTest.testLargeSort
topk_op_test.TopKTest.testLargeTopK
topk_op_test.TopKTest.testMediumTopK
topk_op_test.TopKTest.testStableSort
topk_op_test.TopKTest.testTensorK
topk_op_test.TopKTest.testTop1
topk_op_test.TopKTest.testTop1AllNan
topk_op_test.TopKTest.testTop2
topk_op_test.TopKTest.testTop3
topk_op_test.TopKTest.testTop3Unsorted
topk_op_test.TopKTest.testTop3Vector
topk_op_test.TopKTest.testTop3ZeroRows
topk_op_test.TopKTest.testTopAll
topk_op_test.TopKTest.test_session
transpose_op_test.TransposeTest.testHalf
transpose_op_test.TransposeTest.testInt32
transpose_op_test.TransposeTest.testPermType
unstack_op_test.UnstackOpTest.testAgainstNumpy
unstack_op_test.UnstackOpTest.testAxis0Default
unstack_op_test.UnstackOpTest.testInferNum
unstack_op_test.UnstackOpTest.testSimple
unstack_op_test.UnstackOpTest.testUnknownShapeOkWithNum
unstack_op_test.UnstackOpTest.testZeroLengthDim
###################################################
[SKIP]


# [PARAMETER_MISMATCH] Failed to set Blob with precision not corresponding to user output precision
argmax_op_test.ArgMaxTest.testDefaultAxis

# BEGIN:TBD -->>

# zero dim error
argmax_op_test.ArgMaxTest.testEmpty
identity_bijector_test.IdentityBijectorTest.testScalarCongruency
math_ops_test.DivAndModTest.testFloorDivGrad
reduction_ops_test.SumReductionTest.testDegenerate
reduction_ops_test.MeanReductionTest.testDegenerate
reduction_ops_test.ProdReductionTest.testDegenerate
cwise_ops_unary_test.UnaryOpTest.testComplexAbsGradGrad 

#Failed to set Blob with precision not corresponding to user output precision.
argmax_op_test.ArgMaxTest.testFloat 
argmax_op_test.ArgMaxTest.testInt32
cast_op_test.CastOpTest.testBasic
cast_op_test.CastOpTest.testRandom
cast_op_test.CastOpTest.testSmallValues
spacetodepth_op_test.SpaceToDepthTest.testBasic
scan_ops_test.CumsumTest.test1D
scan_ops_test.CumsumTest.test2D
scan_ops_test.CumsumTest.test3D

#Unable to add a parameter to a function with no parameters!
argmax_op_test.ArgMaxTest.testInt64
array_ops_test.StridedSliceGradTest.testInt64Indices
cast_op_test.CastOpTest.testIntToFloatBoundary
math_ops_test.AddNTest.testInt
math_ops_test.SquaredDifferenceTest.testSquaredDifference
transpose_op_test.TransposeTest.test1D
transpose_op_test.TransposeTest.testInt64
scan_ops_test.CumsumTest.testAxisType
reduction_ops_test.SumReductionTest.testHighRank
cwise_ops_unary_test.UnaryOpTest.testInt64Square
cwise_ops_unary_test.UnaryOpTest.testInt64Basic

#incorrect number of input/output dimensions
array_ops_test.ShapeSizeRankTest.testSparseShape
reduction_ops_test.AllReductionTest.testAxesType
reduction_ops_test.AnyReductionTest.testAxesType
reduction_ops_test.MinReductionTest.testAxesType
reduction_ops_test.ProdReductionTest.testAxesType

array_ops_test.StridedSliceTest.testExpand
array_ops_test.StridedSliceTest.testExpandVariable
array_ops_test.StridedSliceTest.testOptimizedCases

# data doesn't exist
array_ops_test.StridedSliceTest.testTensorIndexing
concat_op_test.ConcatOpTest.testGradientWithUnknownInputDim
concat_op_test.ConcatOpTest.testGradientsFirstDim
concat_op_test.ConcatOpTest.testGradientsLastDim
concat_op_test.ConcatOpTest.testGradientsNegativeAxis
concat_op_test.ConcatOpTest.testGradientsRandom
concat_op_test.ConcatOpTest.testGradientsSimple
concat_op_test.ConcatOpTest.testIndexedSlicesConcatDim0Grad
concat_op_test.ConcatOpTest.testIndexedSlicesConcatDim1Grad
concat_op_test.ConcatOpTest.testIndexedSlicesConcatDim1Grad_UnknownInputDim
concat_op_test.ConcatOpTest.testIndexedSlicesConcatDim2Grad
identity_bijector_test.IdentityBijectorTest.testBijector
math_ops_test.LogSumExpTest.testInfinity
math_ops_test.LogSumExpTest.testKeepDims
math_ops_test.LogSumExpTest.testOverflow
math_ops_test.LogSumExpTest.testReduceLogSumExp
math_ops_test.LogSumExpTest.testReductionIndices
math_ops_test.LogSumExpTest.testReductionIndices2
math_ops_test.LogSumExpTest.testUnderflow
math_ops_test.ReduceTest.testReduceAllDims
math_ops_test.ReduceTest.testReduceExplicitAxes
nn_fused_batchnorm_test.BatchNormalizationTest.testBatchNormGradGradConfig2
pool_test.PoolingTest.testGradient1D
softmax_op_test.SoftmaxTest.testAlongFirstDimension
softmax_op_test.SoftmaxTest.testAlongSecondDimension
softmax_op_test.SoftmaxTest.testDimTooLarge
sparse_xent_op_test.SparseXentTest.testHighDim
sparse_xent_op_test.SparseXentTest.testHighDim2
sparse_xent_op_test.SparseXentTest.testVector
topk_op_test.TopKTest.testTopKGradients
xent_op_test.XentTest.testGradient
xent_op_test.XentTest.testGradientLabelWithV2
xent_op_test.XentTest.testWrapper
xent_op_test.XentTest.testZeroDimension
reduction_ops_test.SumReductionTest.testInfinity
reduction_ops_test.SumReductionTest.testInt32
reduction_ops_test.MaxReductionTest.testFloatReduce3D
reduction_ops_test.MaxReductionTest.testGradient2
reduction_ops_test.MaxReductionTest.testInfinity
reduction_ops_test.MaxReductionTest.testInt64Reduce3D
reduction_ops_test.MeanReductionTest.testFloat32
reduction_ops_test.MeanReductionTest.testInfinity
reduction_ops_test.MeanReductionTest.testInt32
reduction_ops_test.MinReductionTest.testFloatReduce3D
reduction_ops_test.MinReductionTest.testGradient2
reduction_ops_test.MinReductionTest.testInfinity
reduction_ops_test.ProdReductionTest.testEmptyGradients
reduction_ops_test.ProdReductionTest.testFloat32
reduction_ops_test.ProdReductionTest.testGradientWithZeros
reduction_ops_test.ProdReductionTest.testInfinity
cwise_ops_unary_test.UnaryOpTest.testFloatBasic
pooling_test.Pooling1DTest.test_averagepooling_1d
pooling_test.Pooling1DTest.test_maxpooling_1d
pooling_test.Pooling2DTest.test_averagepooling_2d
pooling_test.Pooling2DTest.test_maxpooling_2d
pooling_test.Pooling3DTest.test_averagepooling_3d
pooling_test.Pooling3DTest.test_maxpooling_3d

# unsupported type
cast_op_test.CastOpTest.testBfloat16

# cannot find blob with name <xxx>
slice_op_test.SliceTest.testSimple

gather_nd_op_test.GatherNdTest.testGradientsRank2Slices
gather_nd_op_test.GatherNdTest.testGradientsRank2SlicesWithEmptySpace
math_ops_test.AddNTest.testGrad

# Input image format I64 is not supported yet...
math_ops_test.DivAndModTest.testConsistent

# Incorrect precision f64
math_ops_test.XdivyTest.testXdivyNoZero
math_ops_test.XdivyTest.testXdivyWithZero
math_ops_test.XdivyTest.testXdivyWithZeroBroadcast
math_ops_test.Xlog1pyTest.testXlog1pyNoNeg1
math_ops_test.Xlog1pyTest.testXlog1pyWithZeroBroadcast
softmax_op_test.SoftmaxTest.testDouble
relu_op_test.ReluTest.testGradGradFloat64

# OneHot operation has a form that is not supported. should be converted to OneHotIE operation.
one_hot_op_test.OneHotTest.testFloatBasic
one_hot_op_test.OneHotTest.testIndicesTypes
one_hot_op_test.OneHotTest.testInt32Basic
one_hot_op_test.OneHotTest.testInt64Basic
one_hot_op_test.OneHotTest.testPrefixDimOverflow
one_hot_op_test.OneHotTest.testSimpleCases
one_hot_op_test.OneHotTest.testSingleValueGiven

# AssertionError: Arrays are not equal
slice_op_test.SliceTest.testSliceOfSlice
reduction_ops_test.ReducedShapeTest.testSimple

# Dim size cannot be less than -1
slice_op_test.SliceTest.testGradientsAll 

# Input rank plus number of new axis has to be at least the size of Lower and Upper bounds vector.
slice_op_test.SliceTest.testInvalidIndex
slice_op_test.SliceTest.testScalarInput

slice_op_test.SliceTest.testSingleDimension

# CumSum layer with name 'Cumsum/CumSum_140' doesn't support 'data' input tensor with rank: 6
scan_ops_test.CumsumTest.test6D

# Invalid reduction dimension 
reduction_ops_test.MaxReductionTest.testGradient
reduction_ops_test.MaxReductionTest.testGradient3
reduction_ops_test.MaxReductionTest.testGradient4
reduction_ops_test.MinReductionTest.testGradient4

# Requires start >= limit when delta < 0: 0/4
reduction_ops_test.MinReductionTest.testGradient3

reduction_ops_test.SumReductionTest.testGradient
reduction_ops_test.ReducedShapeTest.testZeros
reduction_ops_test.MeanReductionTest.testGradient
reduction_ops_test.MinReductionTest.testGradient
reduction_ops_test.ReducedShapeTest.testNegAxes

# Gradient tests fail with Intel TF
relu_op_test.Relu6Test.testGradientFloat32
pool_test.PoolingTest.testGradient3D

# Results don't match between TF and OV
lrn_op_test.LRNOpTest.testGradients
lrn_op_test.LRNOpTest.testCompute

# END:TBD <<--

concat_op_test.ConcatOpTest.testConcatLargeNumberOfTensors # takes long in GPU
scan_ops_test.CumsumTest.testLarge # takes very long in GPU

# AssertionError
array_ops_test.StridedSliceTest.testShrink
conv_ops_test.Conv2DTest.testInputGradientKernelSizeMatchesInputSize
conv_ops_test.Conv2DTest.testInputGradientSamePaddingStrideOne
conv_ops_test.Conv2DTest.testInputGradientSamePaddingStrideThree
conv_ops_test.Conv2DTest.testInputGradientSamePaddingStrideTwo
conv_ops_test.Conv2DTest.testInputGradientValidPaddingStrideOne
conv_ops_test.Conv2DTest.testInputGradientValidPaddingStrideThree
conv_ops_test.Conv2DTest.testInputGradientValidPaddingStrideTwo
math_ops_test.ModTest.testFloat
softmax_op_test.SoftmaxTest.testFloat
softmax_op_test.SoftmaxTest.testHalf
split_op_test.SplitOpTest.testSplitRows

# Unable to convert tensor layout b_fs_zyx_fsv16 to weights layout
conv_ops_3d_test.Conv3DTest.testFilterGradientKernelSizeMatchesInputSize
conv_ops_3d_test.Conv3DTest.testFilterGradientSamePaddingStrideOne
conv_ops_3d_test.Conv3DTest.testFilterGradientSamePaddingStrideThree
conv_ops_3d_test.Conv3DTest.testFilterGradientSamePaddingStrideTwo
conv_ops_3d_test.Conv3DTest.testFilterGradientValidPaddingStrideOne
conv_ops_3d_test.Conv3DTest.testFilterGradientValidPaddingStrideThree
conv_ops_3d_test.Conv3DTest.testFilterGradientValidPaddingStrideTwo

# implementation_map for N5cldnn11convolutionE could not find any implementation to match key
conv_ops_test.Conv2DTest.testConv2D1x1Filter
conv_ops_test.Conv2DTest.testConv2D1x2Filter
conv_ops_test.Conv2DTest.testConv2D2x2Filter
conv_ops_test.Conv2DTest.testConv2D2x2FilterStride1x2
conv_ops_test.Conv2DTest.testConv2D2x2FilterStride2
conv_ops_test.Conv2DTest.testConv2D2x2FilterStride2Same
conv_ops_test.Conv2DTest.testConv2DKernelSmallerThanStrideValid


# Error has occured for: eltwise:FusedBatchNormV3_2/Mul/Multiply_1675_cldnn_in0_reshape
# Output layout count(=6) is not equal to: input layout count(=36)  /  Output layout of reshape primitive changes size of input buffer
nn_fused_batchnorm_test.BatchNormalizationTest.testInferenceShape4

# This passes for NMSV2 but fails for others because the constants get encapsulated
# leading to wrong results
# Fails because of trivial fn check at the bridge, passes without the check 
image_ops_test.NonMaxSuppressionTest.testDataTypes

# These tests fail because of the Range op dynamic output.
reduction_ops_test.SumReductionTest.testFloat64
reduction_ops_test.SumReductionTest.testFloat16
reduction_ops_test.SumReductionTest.testComplex64
reduction_ops_test.SumReductionTest.testComplex128
reduction_ops_test.ProdReductionTest.testInt32
reduction_ops_test.ProdReductionTest.testFloat64
reduction_ops_test.ProdReductionTest.testComplex64
reduction_ops_test.ProdReductionTest.testComplex128
reduction_ops_test.MinReductionTest.testDoubleReduce3D
reduction_ops_test.MeanReductionTest.testFloat64
reduction_ops_test.MeanReductionTest.testComplex64
reduction_ops_test.MeanReductionTest.testComplex128
reduction_ops_test.MaxReductionTest.testDoubleReduce3D

# Parameter Mismatch: Failed to set output blob with precision I32, if CNNNetwork output blob precision is FP32
topk_op_test.TopKTest.testMediumTopK
topk_op_test.TopKTest.testLargeTopK
topk_op_test.TopKTest.testTop2
topk_op_test.TopKTest.testLargeSort

# Axis Dimension is out of range. Got random value, should be in range [-4, 4)
nn_fused_batchnorm_test.BatchNormalizationTest.testTrainingShape4
lrn_op_test.LRNOpTest.testGradientsZeroInput
softmax_op_test.SoftmaxTest.testEmptyInput
